<?xml version="1.0" encoding="UTF-8"?>
<!-- Generated by org.testng.reporters.JUnitXMLReporter -->
<testsuite hostname="Pinku" ignored="0" name="Submit Order Test" tests="3" failures="0" timestamp="2024-07-29T02:03:15 IST" time="37.281" errors="0">
  <testcase name="submitOrderTest" time="17.561" classname="subhankar.SeleniumFrameworkDesign.tests.SubmitOrderTest"/>
  <testcase name="submitOrderTest" time="3.455" classname="subhankar.SeleniumFrameworkDesign.tests.SubmitOrderTest"/>
  <testcase name="orderHistoryTest" time="1.103" classname="subhankar.SeleniumFrameworkDesign.tests.SubmitOrderTest"/>
</testsuite> <!-- Submit Order Test -->
