<?xml version="1.0" encoding="UTF-8"?>
<!-- Generated by org.testng.reporters.JUnitXMLReporter -->
<testsuite hostname="Pinku" ignored="1" name="Error Validation Test(failed)" tests="1" failures="0" timestamp="2024-06-18T02:09:30 IST" time="17.15" errors="0">
  <testcase name="productErrorValidation" time="13.667" classname="subhankar.SeleniumFrameworkDesign.tests.ErrorValidationsTest"/>
  <testcase name="loginErrorValidation" time="0.0" classname="subhankar.SeleniumFrameworkDesign.tests.ErrorValidationsTest">
    <ignored/>
  </testcase> <!-- loginErrorValidation -->
</testsuite> <!-- Error Validation Test(failed) -->
