<?xml version="1.0" encoding="UTF-8"?>
<testng-results skipped="0" failed="0" ignored="0" total="1" passed="1">
  <reporter-output>
  </reporter-output>
  <suite name="Surefire suite" duration-ms="25740" started-at="2024-07-31T02:24:31 IST" finished-at="2024-07-31T02:24:57 IST">
    <groups>
      <group name="cucumber">
        <method signature="AbstractTestNGCucumberTests.runScenario(io.cucumber.testng.PickleWrapper,io.cucumber.testng.FeatureWrapper)[pri:0, instance:cucumber.TestNGTestRunner@2bbf4b8b]" name="runScenario" class="io.cucumber.testng.AbstractTestNGCucumberTests"/>
      </group> <!-- cucumber -->
    </groups>
    <test name="Surefire test" duration-ms="25740" started-at="2024-07-31T02:24:31 IST" finished-at="2024-07-31T02:24:57 IST">
      <class name="cucumber.TestNGTestRunner">
        <test-method status="PASS" signature="setUpClass(org.testng.ITestContext)[pri:0, instance:cucumber.TestNGTestRunner@2bbf4b8b]" name="setUpClass" is-config="true" duration-ms="804" started-at="2024-07-31T02:24:31 IST" finished-at="2024-07-31T02:24:32 IST">
          <params>
            <param index="0">
              <value>
                <![CDATA[org.testng.TestRunner@762637be]]>
              </value>
            </param>
          </params>
          <reporter-output>
          </reporter-output>
        </test-method> <!-- setUpClass -->
        <test-method status="PASS" signature="runScenario(io.cucumber.testng.PickleWrapper,io.cucumber.testng.FeatureWrapper)[pri:0, instance:cucumber.TestNGTestRunner@2bbf4b8b]" name="runScenario" duration-ms="24784" started-at="2024-07-31T02:24:32 IST" description="Runs Cucumber Scenarios" data-provider="scenarios" finished-at="2024-07-31T02:24:57 IST">
          <params>
            <param index="0">
              <value>
                <![CDATA["Positive test of submitting the order"]]>
              </value>
            </param>
            <param index="1">
              <value>
                <![CDATA["Purchase the order from Ecommerce website"]]>
              </value>
            </param>
          </params>
          <reporter-output>
          </reporter-output>
        </test-method> <!-- runScenario -->
        <test-method status="PASS" signature="tearDownClass()[pri:0, instance:cucumber.TestNGTestRunner@2bbf4b8b]" name="tearDownClass" is-config="true" duration-ms="100" started-at="2024-07-31T02:24:57 IST" finished-at="2024-07-31T02:24:57 IST">
          <reporter-output>
          </reporter-output>
        </test-method> <!-- tearDownClass -->
      </class> <!-- cucumber.TestNGTestRunner -->
    </test> <!-- Surefire test -->
  </suite> <!-- Surefire suite -->
</testng-results>
